<?xml version="1.0" encoding="UTF-8"?>
<testsuite xmlns:xsi="http://www.w3.org/2001/XMLSchema-instance" xsi:noNamespaceSchemaLocation="https://maven.apache.org/surefire/maven-surefire-plugin/xsd/surefire-test-report-3.0.xsd" version="3.0" name="com.example.FanClubBackendApplicationTests" time="3.513" tests="1" errors="0" skipped="0" failures="0">
  <properties>
[...]
</properties>
  <testcase name="contextLoads" classname="com.example.FanClubBackendApplicationTests" time="0.626">
    <system-out><![CDATA[2026-02-03 03:20:45.790 [main] INFO  o.s.t.c.support.AnnotationConfigContextLoaderUtils-Could not detect default configuration classes for test class [com.example.FanClubBackendApplicationTests]: FanClubBackendApplicationTests does not declare any static, non-private, non-final, nested classes annotated with @Configuration.
2026-02-03 03:20:45.890 [main] INFO  o.s.b.t.context.SpringBootTestContextBootstrapper-Found @SpringBootConfiguration com.example.FanClubBackendApplication for test class com.example.FanClubBackendApplicationTests

  .   ____          _            __ _ _
 /\\ / ___'_ __ _ _(_)_ __  __ _ \ \ \ \
( ( )\___ | '_ | '_| | '_ \/ _` | \ \ \ \
 \\/  ___)| |_)| | | | | || (_| |  ) ) ) )
  '  |____| .__|_| |_|_| |_\__, | / / / /
 =========|_|==============|___/=/_/_/_/
 :: Spring Boot ::                (v3.2.5)

2026-02-03 03:20:46.199 [background-preinit] INFO  org.hibernate.validator.internal.util.Version-HV000001: Hibernate Validator 8.0.1.Final
2026-02-03 03:20:46.218 [main] INFO  com.example.FanClubBackendApplicationTests-Starting FanClubBackendApplicationTests using Java 21.0.10 with PID 26344 (started by ERE in C:\Users\ERE.DESKTOP-JD48OPB\Desktop\Work\FanClub\backend\FanClub_Backend)
2026-02-03 03:20:46.218 [main] INFO  com.example.FanClubBackendApplicationTests-No active profile set, falling back to 1 default profile: "default"
2026-02-03 03:20:48.410 [main] INFO  com.example.FanClubBackendApplicationTests-Started FanClubBackendApplicationTests in 2.408 seconds (process running for 3.36)
]]></system-out>
    <system-err><![CDATA[WARNING: A Java agent has been loaded dynamically (C:\Users\ERE.DESKTOP-JD48OPB\.m2\repository\net\bytebuddy\byte-buddy-agent\1.14.13\byte-buddy-agent-1.14.13.jar)
WARNING: If a serviceability tool is in use, please run with -XX:+EnableDynamicAgentLoading to hide this warning
WARNING: If a serviceability tool is not in use, please run with -Djdk.instrument.traceUsage for more information
WARNING: Dynamic loading of agents will be disallowed by default in a future release
]]></system-err>
  </testcase>
</testsuite>